function: my_function_1 positional parameters: none keyword parameters: none return: None
function: my_function_2 positional parameters: (4,) keyword parameters: none return: 16
function: my_function_3 positional parameters: ('5', 'hello', 'ctd is awesome') keyword parameters: none return: True
function: my_function_4 positional parameters: none keyword parameters: {'jack': 14, 'bob': 21, 'samantha': 98} return: <function logger_decorator at 0x00000230656EA660>
function: my_function_1 positional parameters: none keyword parameters: none return: None
function: my_function_2 positional parameters: (4,) keyword parameters: none return: 16
function: my_function_3 positional parameters: ('5', 'hello', 'ctd is awesome') keyword parameters: none return: True
function: my_function_4 positional parameters: none keyword parameters: {'jack': 14, 'bob': 21, 'samantha': 98} return: <function logger_decorator at 0x0000011533FC9EE0>
function: my_function_1 positional parameters: none keyword parameters: none return: None
function: my_function_2 positional parameters: (4,) keyword parameters: none return: 16
function: my_function_3 positional parameters: ('5', 'hello', 'ctd is awesome') keyword parameters: none return: True
function: my_function_4 positional parameters: none keyword parameters: {'jack': 14, 'bob': 21, 'samantha': 98} return: <function logger_decorator at 0x0000014E9A959EE0>
function: my_function_1 positional parameters: none keyword parameters: none return: None
function: my_function_2 positional parameters: (4,) keyword parameters: none return: 16
function: my_function_3 positional parameters: ('5', 'hello', 'ctd is awesome') keyword parameters: none return: True
function: my_function_4 positional parameters: none keyword parameters: {'jack': 14, 'bob': 21, 'samantha': 98} return: <function logger_decorator at 0x0000024DF6CDA5C0>
function: my_function_1 positional parameters: none keyword parameters: none return: None
function: my_function_2 positional parameters: (4,) keyword parameters: none return: 16
function: my_function_3 positional parameters: ('5', 'hello', 'ctd is awesome') keyword parameters: none return: True
function: my_function_4 positional parameters: none keyword parameters: {'jack': 14, 'bob': 21, 'samantha': 98} return: <function logger_decorator at 0x0000026033B99F80>
function: my_function_1 positional parameters: none keyword parameters: none return: None
function: my_function_2 positional parameters: (4,) keyword parameters: none return: 16
function: my_function_3 positional parameters: ('5', 'hello', 'ctd is awesome') keyword parameters: none return: True
function: my_function_4 positional parameters: none keyword parameters: {'jack': 14, 'bob': 21, 'samantha': 98} return: <function logger_decorator at 0x0000021E06BEA700>
